#
# There is insufficient memory for the Java Runtime Environment to continue.
# Native memory allocation (malloc) failed to allocate 32744 bytes for ChunkPool::allocate
# Possible reasons:
#   The system is out of physical RAM or swap space
#   The process is running with CompressedOops enabled, and the Java Heap may be blocking the growth of the native heap
# Possible solutions:
#   Reduce memory load on the system
#   Increase physical memory or swap space
#   Check if swap backing store is full
#   Decrease Java heap size (-Xmx/-Xms)
#   Decrease number of Java threads
#   Decrease Java thread stack sizes (-Xss)
#   Set larger code cache with -XX:ReservedCodeCacheSize=
#   JVM is running with Zero Based Compressed Oops mode in which the Java heap is
#     placed in the first 32GB address space. The Java Heap base address is the
#     maximum limit for the native heap growth. Please use -XX:HeapBaseMinAddress
#     to set the Java Heap base and to place the Java Heap above 32GB virtual address.
# This output file may be truncated or incomplete.
#
#  Out of Memory Error (arena.cpp:79), pid=5156, tid=1508
#
# JRE version: Java(TM) SE Runtime Environment (16.0.1+9) (build 16.0.1+9-24)
# Java VM: Java HotSpot(TM) 64-Bit Server VM (16.0.1+9-24, mixed mode, sharing, tiered, compressed oops, compressed class ptrs, g1 gc, windows-amd64)
# No core dump will be written. Minidumps are not enabled by default on client versions of Windows
#

---------------  S U M M A R Y ------------

Command Line: -XX:TieredStopAtLevel=1 -Xverify:none -Dspring.output.ansi.enabled=always -javaagent:C:\Program Files\JetBrains\IntelliJ IDEA 2021.1.2\lib\idea_rt.jar=61432:C:\Program Files\JetBrains\IntelliJ IDEA 2021.1.2\bin -Dcom.sun.management.jmxremote -Dspring.jmx.enabled=true -Dspring.liveBeansView.mbeanDomain -Dspring.application.admin.enabled=true -Dfile.encoding=UTF-8 com.example.demospringncc.DemoSpringNccApplication

Host: Intel(R) Core(TM) i7-8550U CPU @ 1.80GHz, 8 cores, 15G,  Windows 10 , 64 bit Build 19041 (10.0.19041.1023)
Time: Tue Jul  6 00:39:30 2021 SE Asia Standard Time elapsed time: 0.760224 seconds (0d 0h 0m 0s)

---------------  T H R E A D  ---------------

Current thread (0x000002955441b590):  JavaThread "C1 CompilerThread0" daemon [_thread_in_native, id=1508, stack(0x000000eef8500000,0x000000eef8600000)]


Current CompileTask:
C1:    760  998       1       java.net.URLStreamHandler::parseURL (1201 bytes)

Stack: [0x000000eef8500000,0x000000eef8600000]
Native frames: (J=compiled Java code, j=interpreted, Vv=VM code, C=native code)
V  [jvm.dll+0x6687ca]
V  [jvm.dll+0x7ca3c9]
V  [jvm.dll+0x7cbb53]
V  [jvm.dll+0x7cc1b3]
V  [jvm.dll+0x242ea5]
V  [jvm.dll+0xae25f]
V  [jvm.dll+0xae5ac]
V  [jvm.dll+0x175f83]
V  [jvm.dll+0x175c42]
V  [jvm.dll+0x178419]
V  [jvm.dll+0x17838d]
V  [jvm.dll+0x17838d]
V  [jvm.dll+0x1765d4]
V  [jvm.dll+0x17689a]
V  [jvm.dll+0x179ad3]
V  [jvm.dll+0x133373]
V  [jvm.dll+0x132c0f]
V  [jvm.dll+0x132e49]
V  [jvm.dll+0x1322af]
V  [jvm.dll+0x134071]
V  [jvm.dll+0x2253a8]
V  [jvm.dll+0x2233ec]
V  [jvm.dll+0x780002]
V  [jvm.dll+0x779b4a]
V  [jvm.dll+0x667666]
C  [ucrtbase.dll+0x21bb2]
C  [KERNEL32.DLL+0x17034]
C  [ntdll.dll+0x52651]


---------------  P R O C E S S  ---------------

Threads class SMR info:
_java_thread_list=0x000002955565a420, length=13, elements={
0x00000295317ec660, 0x00000295543ffd20, 0x0000029554400720, 0x000002955440ab70,
0x000002955440b480, 0x000002955440cda0, 0x00000295544156c0, 0x000002955441b590,
0x000002955441def0, 0x00000295318be170, 0x00000295553fd1a0, 0x00000295554fb3b0,
0x000002955569d1a0
}

Java Threads: ( => current thread )
  0x00000295317ec660 JavaThread "main" [_thread_in_Java, id=1480, stack(0x000000eef7800000,0x000000eef7900000)]
  0x00000295543ffd20 JavaThread "Reference Handler" daemon [_thread_blocked, id=6028, stack(0x000000eef7f00000,0x000000eef8000000)]
  0x0000029554400720 JavaThread "Finalizer" daemon [_thread_blocked, id=9384, stack(0x000000eef8000000,0x000000eef8100000)]
  0x000002955440ab70 JavaThread "Signal Dispatcher" daemon [_thread_blocked, id=6104, stack(0x000000eef8100000,0x000000eef8200000)]
  0x000002955440b480 JavaThread "Attach Listener" daemon [_thread_blocked, id=4564, stack(0x000000eef8200000,0x000000eef8300000)]
  0x000002955440cda0 JavaThread "Service Thread" daemon [_thread_blocked, id=3792, stack(0x000000eef8300000,0x000000eef8400000)]
  0x00000295544156c0 JavaThread "Monitor Deflation Thread" daemon [_thread_blocked, id=15924, stack(0x000000eef8400000,0x000000eef8500000)]
=>0x000002955441b590 JavaThread "C1 CompilerThread0" daemon [_thread_in_native, id=1508, stack(0x000000eef8500000,0x000000eef8600000)]
  0x000002955441def0 JavaThread "Sweeper thread" daemon [_thread_blocked, id=4580, stack(0x000000eef8600000,0x000000eef8700000)]
  0x00000295318be170 JavaThread "Common-Cleaner" daemon [_thread_blocked, id=15408, stack(0x000000eef8700000,0x000000eef8800000)]
  0x00000295553fd1a0 JavaThread "Monitor Ctrl-Break" daemon [_thread_in_native, id=11752, stack(0x000000eef8800000,0x000000eef8900000)]
  0x00000295554fb3b0 JavaThread "Notification Thread" daemon [_thread_blocked, id=6044, stack(0x000000eef8900000,0x000000eef8a00000)]
  0x000002955569d1a0 JavaThread "RMI TCP Accept-0" daemon [_thread_in_native, id=1708, stack(0x000000eef8a00000,0x000000eef8b00000)]

Other Threads:
  0x00000295543fbf30 VMThread "VM Thread" [stack: 0x000000eef7e00000,0x000000eef7f00000] [id=13644]
  0x000002955569cbe0 WatcherThread [stack: 0x000000eef8b00000,0x000000eef8c00000] [id=13108]
  0x000002953183d9e0 GCTaskThread "GC Thread#0" [stack: 0x000000eef7900000,0x000000eef7a00000] [id=9660]
  0x000002953184e860 ConcurrentGCThread "G1 Main Marker" [stack: 0x000000eef7a00000,0x000000eef7b00000] [id=15784]
  0x000002953184fa70 ConcurrentGCThread "G1 Conc#0" [stack: 0x000000eef7b00000,0x000000eef7c00000] [id=1356]
  0x00000295318a79a0 ConcurrentGCThread "G1 Refine#0" [stack: 0x000000eef7c00000,0x000000eef7d00000] [id=6228]
  0x00000295542c48d0 ConcurrentGCThread "G1 Service" [stack: 0x000000eef7d00000,0x000000eef7e00000] [id=11416]

Threads with active compile tasks:
C1 CompilerThread0      806  998       1       java.net.URLStreamHandler::parseURL (1201 bytes)

VM state: not at safepoint (normal execution)

VM Mutex/Monitor currently owned by a thread: None

Heap address: 0x0000000701c00000, size: 4068 MB, Compressed Oops mode: Zero based, Oop shift amount: 3

CDS archive(s) mapped at: [0x0000000800000000-0x0000000800bb0000-0x0000000800bb0000), size 12255232, SharedBaseAddress: 0x0000000800000000, ArchiveRelocationMode: 0.
Compressed class space mapped at: 0x0000000800c00000-0x0000000840c00000, reserved size: 1073741824
Narrow klass base: 0x0000000800000000, Narrow klass shift: 3, Narrow klass range: 0x100000000

GC Precious Log:
 CPUs: 8 total, 8 available
 Memory: 16267M
 Large Page Support: Disabled
 NUMA Support: Disabled
 Compressed Oops: Enabled (Zero based)
 Heap Region Size: 2M
 Heap Min Capacity: 8M
 Heap Initial Capacity: 256M
 Heap Max Capacity: 4068M
 Pre-touch: Disabled
 Parallel Workers: 8
 Concurrent Workers: 2
 Concurrent Refinement Workers: 8
 Periodic GC: Disabled

Heap:
 garbage-first heap   total 262144K, used 16384K [0x0000000701c00000, 0x0000000800000000)
  region size 2048K, 10 young (20480K), 0 survivors (0K)
 Metaspace       used 5685K, committed 5824K, reserved 1056768K
  class space    used 657K, committed 704K, reserved 1048576K

Heap Regions: E=young(eden), S=young(survivor), O=old, HS=humongous(starts), HC=humongous(continues), CS=collection set, F=free, OA=open archive, CA=closed archive, TAMS=top-at-mark-start (previous, next)
|   0|0x0000000701c00000, 0x0000000701c00000, 0x0000000701e00000|  0%| F|  |TAMS 0x0000000701c00000, 0x0000000701c00000| Untracked 
|   1|0x0000000701e00000, 0x0000000701e00000, 0x0000000702000000|  0%| F|  |TAMS 0x0000000701e00000, 0x0000000701e00000| Untracked 
|   2|0x0000000702000000, 0x0000000702000000, 0x0000000702200000|  0%| F|  |TAMS 0x0000000702000000, 0x0000000702000000| Untracked 
|   3|0x0000000702200000, 0x0000000702200000, 0x0000000702400000|  0%| F|  |TAMS 0x0000000702200000, 0x0000000702200000| Untracked 
|   4|0x0000000702400000, 0x0000000702400000, 0x0000000702600000|  0%| F|  |TAMS 0x0000000702400000, 0x0000000702400000| Untracked 
|   5|0x0000000702600000, 0x0000000702600000, 0x0000000702800000|  0%| F|  |TAMS 0x0000000702600000, 0x0000000702600000| Untracked 
|   6|0x0000000702800000, 0x0000000702800000, 0x0000000702a00000|  0%| F|  |TAMS 0x0000000702800000, 0x0000000702800000| Untracked 
|   7|0x0000000702a00000, 0x0000000702a00000, 0x0000000702c00000|  0%| F|  |TAMS 0x0000000702a00000, 0x0000000702a00000| Untracked 
|   8|0x0000000702c00000, 0x0000000702c00000, 0x0000000702e00000|  0%| F|  |TAMS 0x0000000702c00000, 0x0000000702c00000| Untracked 
|   9|0x0000000702e00000, 0x0000000702e00000, 0x0000000703000000|  0%| F|  |TAMS 0x0000000702e00000, 0x0000000702e00000| Untracked 
|  10|0x0000000703000000, 0x0000000703000000, 0x0000000703200000|  0%| F|  |TAMS 0x0000000703000000, 0x0000000703000000| Untracked 
|  11|0x0000000703200000, 0x0000000703200000, 0x0000000703400000|  0%| F|  |TAMS 0x0000000703200000, 0x0000000703200000| Untracked 
|  12|0x0000000703400000, 0x0000000703400000, 0x0000000703600000|  0%| F|  |TAMS 0x0000000703400000, 0x0000000703400000| Untracked 
|  13|0x0000000703600000, 0x0000000703600000, 0x0000000703800000|  0%| F|  |TAMS 0x0000000703600000, 0x0000000703600000| Untracked 
|  14|0x0000000703800000, 0x0000000703800000, 0x0000000703a00000|  0%| F|  |TAMS 0x0000000703800000, 0x0000000703800000| Untracked 
|  15|0x0000000703a00000, 0x0000000703a00000, 0x0000000703c00000|  0%| F|  |TAMS 0x0000000703a00000, 0x0000000703a00000| Untracked 
|  16|0x0000000703c00000, 0x0000000703c00000, 0x0000000703e00000|  0%| F|  |TAMS 0x0000000703c00000, 0x0000000703c00000| Untracked 
|  17|0x0000000703e00000, 0x0000000703e00000, 0x0000000704000000|  0%| F|  |TAMS 0x0000000703e00000, 0x0000000703e00000| Untracked 
|  18|0x0000000704000000, 0x0000000704000000, 0x0000000704200000|  0%| F|  |TAMS 0x0000000704000000, 0x0000000704000000| Untracked 
|  19|0x0000000704200000, 0x0000000704200000, 0x0000000704400000|  0%| F|  |TAMS 0x0000000704200000, 0x0000000704200000| Untracked 
|  20|0x0000000704400000, 0x0000000704400000, 0x0000000704600000|  0%| F|  |TAMS 0x0000000704400000, 0x0000000704400000| Untracked 
|  21|0x0000000704600000, 0x0000000704600000, 0x0000000704800000|  0%| F|  |TAMS 0x0000000704600000, 0x0000000704600000| Untracked 
|  22|0x0000000704800000, 0x0000000704800000, 0x0000000704a00000|  0%| F|  |TAMS 0x0000000704800000, 0x0000000704800000| Untracked 
|  23|0x0000000704a00000, 0x0000000704a00000, 0x0000000704c00000|  0%| F|  |TAMS 0x0000000704a00000, 0x0000000704a00000| Untracked 
|  24|0x0000000704c00000, 0x0000000704c00000, 0x0000000704e00000|  0%| F|  |TAMS 0x0000000704c00000, 0x0000000704c00000| Untracked 
|  25|0x0000000704e00000, 0x0000000704e00000, 0x0000000705000000|  0%| F|  |TAMS 0x0000000704e00000, 0x0000000704e00000| Untracked 
|  26|0x0000000705000000, 0x0000000705000000, 0x0000000705200000|  0%| F|  |TAMS 0x0000000705000000, 0x0000000705000000| Untracked 
|  27|0x0000000705200000, 0x0000000705200000, 0x0000000705400000|  0%| F|  |TAMS 0x0000000705200000, 0x0000000705200000| Untracked 
|  28|0x0000000705400000, 0x0000000705400000, 0x0000000705600000|  0%| F|  |TAMS 0x0000000705400000, 0x0000000705400000| Untracked 
|  29|0x0000000705600000, 0x0000000705600000, 0x0000000705800000|  0%| F|  |TAMS 0x0000000705600000, 0x0000000705600000| Untracked 
|  30|0x0000000705800000, 0x0000000705800000, 0x0000000705a00000|  0%| F|  |TAMS 0x0000000705800000, 0x0000000705800000| Untracked 
|  31|0x0000000705a00000, 0x0000000705a00000, 0x0000000705c00000|  0%| F|  |TAMS 0x0000000705a00000, 0x0000000705a00000| Untracked 
|  32|0x0000000705c00000, 0x0000000705c00000, 0x0000000705e00000|  0%| F|  |TAMS 0x0000000705c00000, 0x0000000705c00000| Untracked 
|  33|0x0000000705e00000, 0x0000000705e00000, 0x0000000706000000|  0%| F|  |TAMS 0x0000000705e00000, 0x0000000705e00000| Untracked 
|  34|0x0000000706000000, 0x0000000706000000, 0x0000000706200000|  0%| F|  |TAMS 0x0000000706000000, 0x0000000706000000| Untracked 
|  35|0x0000000706200000, 0x0000000706200000, 0x0000000706400000|  0%| F|  |TAMS 0x0000000706200000, 0x0000000706200000| Untracked 
|  36|0x0000000706400000, 0x0000000706400000, 0x0000000706600000|  0%| F|  |TAMS 0x0000000706400000, 0x0000000706400000| Untracked 
|  37|0x0000000706600000, 0x0000000706600000, 0x0000000706800000|  0%| F|  |TAMS 0x0000000706600000, 0x0000000706600000| Untracked 
|  38|0x0000000706800000, 0x0000000706800000, 0x0000000706a00000|  0%| F|  |TAMS 0x0000000706800000, 0x0000000706800000| Untracked 
|  39|0x0000000706a00000, 0x0000000706a00000, 0x0000000706c00000|  0%| F|  |TAMS 0x0000000706a00000, 0x0000000706a00000| Untracked 
|  40|0x0000000706c00000, 0x0000000706c00000, 0x0000000706e00000|  0%| F|  |TAMS 0x0000000706c00000, 0x0000000706c00000| Untracked 
|  41|0x0000000706e00000, 0x0000000706e00000, 0x0000000707000000|  0%| F|  |TAMS 0x0000000706e00000, 0x0000000706e00000| Untracked 
|  42|0x0000000707000000, 0x0000000707000000, 0x0000000707200000|  0%| F|  |TAMS 0x0000000707000000, 0x0000000707000000| Untracked 
|  43|0x0000000707200000, 0x0000000707200000, 0x0000000707400000|  0%| F|  |TAMS 0x0000000707200000, 0x0000000707200000| Untracked 
|  44|0x0000000707400000, 0x0000000707400000, 0x0000000707600000|  0%| F|  |TAMS 0x0000000707400000, 0x0000000707400000| Untracked 
|  45|0x0000000707600000, 0x0000000707600000, 0x0000000707800000|  0%| F|  |TAMS 0x0000000707600000, 0x0000000707600000| Untracked 
|  46|0x0000000707800000, 0x0000000707800000, 0x0000000707a00000|  0%| F|  |TAMS 0x0000000707800000, 0x0000000707800000| Untracked 
|  47|0x0000000707a00000, 0x0000000707a00000, 0x0000000707c00000|  0%| F|  |TAMS 0x0000000707a00000, 0x0000000707a00000| Untracked 
|  48|0x0000000707c00000, 0x0000000707c00000, 0x0000000707e00000|  0%| F|  |TAMS 0x0000000707c00000, 0x0000000707c00000| Untracked 
|  49|0x0000000707e00000, 0x0000000707e00000, 0x0000000708000000|  0%| F|  |TAMS 0x0000000707e00000, 0x0000000707e00000| Untracked 
|  50|0x0000000708000000, 0x0000000708000000, 0x0000000708200000|  0%| F|  |TAMS 0x0000000708000000, 0x0000000708000000| Untracked 
|  51|0x0000000708200000, 0x0000000708200000, 0x0000000708400000|  0%| F|  |TAMS 0x0000000708200000, 0x0000000708200000| Untracked 
|  52|0x0000000708400000, 0x0000000708400000, 0x0000000708600000|  0%| F|  |TAMS 0x0000000708400000, 0x0000000708400000| Untracked 
|  53|0x0000000708600000, 0x0000000708600000, 0x0000000708800000|  0%| F|  |TAMS 0x0000000708600000, 0x0000000708600000| Untracked 
|  54|0x0000000708800000, 0x0000000708800000, 0x0000000708a00000|  0%| F|  |TAMS 0x0000000708800000, 0x0000000708800000| Untracked 
|  55|0x0000000708a00000, 0x0000000708a00000, 0x0000000708c00000|  0%| F|  |TAMS 0x0000000708a00000, 0x0000000708a00000| Untracked 
|  56|0x0000000708c00000, 0x0000000708c00000, 0x0000000708e00000|  0%| F|  |TAMS 0x0000000708c00000, 0x0000000708c00000| Untracked 
|  57|0x0000000708e00000, 0x0000000708e00000, 0x0000000709000000|  0%| F|  |TAMS 0x0000000708e00000, 0x0000000708e00000| Untracked 
|  58|0x0000000709000000, 0x0000000709000000, 0x0000000709200000|  0%| F|  |TAMS 0x0000000709000000, 0x0000000709000000| Untracked 
|  59|0x0000000709200000, 0x0000000709200000, 0x0000000709400000|  0%| F|  |TAMS 0x0000000709200000, 0x0000000709200000| Untracked 
|  60|0x0000000709400000, 0x0000000709400000, 0x0000000709600000|  0%| F|  |TAMS 0x0000000709400000, 0x0000000709400000| Untracked 
|  61|0x0000000709600000, 0x0000000709600000, 0x0000000709800000|  0%| F|  |TAMS 0x0000000709600000, 0x0000000709600000| Untracked 
|  62|0x0000000709800000, 0x0000000709800000, 0x0000000709a00000|  0%| F|  |TAMS 0x0000000709800000, 0x0000000709800000| Untracked 
|  63|0x0000000709a00000, 0x0000000709a00000, 0x0000000709c00000|  0%| F|  |TAMS 0x0000000709a00000, 0x0000000709a00000| Untracked 
|  64|0x0000000709c00000, 0x0000000709c00000, 0x0000000709e00000|  0%| F|  |TAMS 0x0000000709c00000, 0x0000000709c00000| Untracked 
|  65|0x0000000709e00000, 0x0000000709e00000, 0x000000070a000000|  0%| F|  |TAMS 0x0000000709e00000, 0x0000000709e00000| Untracked 
|  66|0x000000070a000000, 0x000000070a000000, 0x000000070a200000|  0%| F|  |TAMS 0x000000070a000000, 0x000000070a000000| Untracked 
|  67|0x000000070a200000, 0x000000070a200000, 0x000000070a400000|  0%| F|  |TAMS 0x000000070a200000, 0x000000070a200000| Untracked 
|  68|0x000000070a400000, 0x000000070a400000, 0x000000070a600000|  0%| F|  |TAMS 0x000000070a400000, 0x000000070a400000| Untracked 
|  69|0x000000070a600000, 0x000000070a600000, 0x000000070a800000|  0%| F|  |TAMS 0x000000070a600000, 0x000000070a600000| Untracked 
|  70|0x000000070a800000, 0x000000070a800000, 0x000000070aa00000|  0%| F|  |TAMS 0x000000070a800000, 0x000000070a800000| Untracked 
|  71|0x000000070aa00000, 0x000000070aa00000, 0x000000070ac00000|  0%| F|  |TAMS 0x000000070aa00000, 0x000000070aa00000| Untracked 
|  72|0x000000070ac00000, 0x000000070ac00000, 0x000000070ae00000|  0%| F|  |TAMS 0x000000070ac00000, 0x000000070ac00000| Untracked 
|  73|0x000000070ae00000, 0x000000070ae00000, 0x000000070b000000|  0%| F|  |TAMS 0x000000070ae00000, 0x000000070ae00000| Untracked 
|  74|0x000000070b000000, 0x000000070b000000, 0x000000070b200000|  0%| F|  |TAMS 0x000000070b000000, 0x000000070b000000| Untracked 
|  75|0x000000070b200000, 0x000000070b200000, 0x000000070b400000|  0%| F|  |TAMS 0x000000070b200000, 0x000000070b200000| Untracked 
|  76|0x000000070b400000, 0x000000070b400000, 0x000000070b600000|  0%| F|  |TAMS 0x000000070b400000, 0x000000070b400000| Untracked 
|  77|0x000000070b600000, 0x000000070b600000, 0x000000070b800000|  0%| F|  |TAMS 0x000000070b600000, 0x000000070b600000| Untracked 
|  78|0x000000070b800000, 0x000000070b800000, 0x000000070ba00000|  0%| F|  |TAMS 0x000000070b800000, 0x000000070b800000| Untracked 
|  79|0x000000070ba00000, 0x000000070ba00000, 0x000000070bc00000|  0%| F|  |TAMS 0x000000070ba00000, 0x000000070ba00000| Untracked 
|  80|0x000000070bc00000, 0x000000070bc00000, 0x000000070be00000|  0%| F|  |TAMS 0x000000070bc00000, 0x000000070bc00000| Untracked 
|  81|0x000000070be00000, 0x000000070be00000, 0x000000070c000000|  0%| F|  |TAMS 0x000000070be00000, 0x000000070be00000| Untracked 
|  82|0x000000070c000000, 0x000000070c000000, 0x000000070c200000|  0%| F|  |TAMS 0x000000070c000000, 0x000000070c000000| Untracked 
|  83|0x000000070c200000, 0x000000070c200000, 0x000000070c400000|  0%| F|  |TAMS 0x000000070c200000, 0x000000070c200000| Untracked 
|  84|0x000000070c400000, 0x000000070c400000, 0x000000070c600000|  0%| F|  |TAMS 0x000000070c400000, 0x000000070c400000| Untracked 
|  85|0x000000070c600000, 0x000000070c600000, 0x000000070c800000|  0%| F|  |TAMS 0x000000070c600000, 0x000000070c600000| Untracked 
|  86|0x000000070c800000, 0x000000070c800000, 0x000000070ca00000|  0%| F|  |TAMS 0x000000070c800000, 0x000000070c800000| Untracked 
|  87|0x000000070ca00000, 0x000000070ca00000, 0x000000070cc00000|  0%| F|  |TAMS 0x000000070ca00000, 0x000000070ca00000| Untracked 
|  88|0x000000070cc00000, 0x000000070cc00000, 0x000000070ce00000|  0%| F|  |TAMS 0x000000070cc00000, 0x000000070cc00000| Untracked 
|  89|0x000000070ce00000, 0x000000070ce00000, 0x000000070d000000|  0%| F|  |TAMS 0x000000070ce00000, 0x000000070ce00000| Untracked 
|  90|0x000000070d000000, 0x000000070d000000, 0x000000070d200000|  0%| F|  |TAMS 0x000000070d000000, 0x000000070d000000| Untracked 
|  91|0x000000070d200000, 0x000000070d200000, 0x000000070d400000|  0%| F|  |TAMS 0x000000070d200000, 0x000000070d200000| Untracked 
|  92|0x000000070d400000, 0x000000070d400000, 0x000000070d600000|  0%| F|  |TAMS 0x000000070d400000, 0x000000070d400000| Untracked 
|  93|0x000000070d600000, 0x000000070d600000, 0x000000070d800000|  0%| F|  |TAMS 0x000000070d600000, 0x000000070d600000| Untracked 
|  94|0x000000070d800000, 0x000000070d800000, 0x000000070da00000|  0%| F|  |TAMS 0x000000070d800000, 0x000000070d800000| Untracked 
|  95|0x000000070da00000, 0x000000070da00000, 0x000000070dc00000|  0%| F|  |TAMS 0x000000070da00000, 0x000000070da00000| Untracked 
|  96|0x000000070dc00000, 0x000000070dc00000, 0x000000070de00000|  0%| F|  |TAMS 0x000000070dc00000, 0x000000070dc00000| Untracked 
|  97|0x000000070de00000, 0x000000070de00000, 0x000000070e000000|  0%| F|  |TAMS 0x000000070de00000, 0x000000070de00000| Untracked 
|  98|0x000000070e000000, 0x000000070e000000, 0x000000070e200000|  0%| F|  |TAMS 0x000000070e000000, 0x000000070e000000| Untracked 
|  99|0x000000070e200000, 0x000000070e200000, 0x000000070e400000|  0%| F|  |TAMS 0x000000070e200000, 0x000000070e200000| Untracked 
| 100|0x000000070e400000, 0x000000070e400000, 0x000000070e600000|  0%| F|  |TAMS 0x000000070e400000, 0x000000070e400000| Untracked 
| 101|0x000000070e600000, 0x000000070e600000, 0x000000070e800000|  0%| F|  |TAMS 0x000000070e600000, 0x000000070e600000| Untracked 
| 102|0x000000070e800000, 0x000000070e800000, 0x000000070ea00000|  0%| F|  |TAMS 0x000000070e800000, 0x000000070e800000| Untracked 
| 103|0x000000070ea00000, 0x000000070ea00000, 0x000000070ec00000|  0%| F|  |TAMS 0x000000070ea00000, 0x000000070ea00000| Untracked 
| 104|0x000000070ec00000, 0x000000070ec00000, 0x000000070ee00000|  0%| F|  |TAMS 0x000000070ec00000, 0x000000070ec00000| Untracked 
| 105|0x000000070ee00000, 0x000000070ee00000, 0x000000070f000000|  0%| F|  |TAMS 0x000000070ee00000, 0x000000070ee00000| Untracked 
| 106|0x000000070f000000, 0x000000070f000000, 0x000000070f200000|  0%| F|  |TAMS 0x000000070f000000, 0x000000070f000000| Untracked 
| 107|0x000000070f200000, 0x000000070f200000, 0x000000070f400000|  0%| F|  |TAMS 0x000000070f200000, 0x000000070f200000| Untracked 
| 108|0x000000070f400000, 0x000000070f400000, 0x000000070f600000|  0%| F|  |TAMS 0x000000070f400000, 0x000000070f400000| Untracked 
| 109|0x000000070f600000, 0x000000070f600000, 0x000000070f800000|  0%| F|  |TAMS 0x000000070f600000, 0x000000070f600000| Untracked 
| 110|0x000000070f800000, 0x000000070f800000, 0x000000070fa00000|  0%| F|  |TAMS 0x000000070f800000, 0x000000070f800000| Untracked 
| 111|0x000000070fa00000, 0x000000070fa00000, 0x000000070fc00000|  0%| F|  |TAMS 0x000000070fa00000, 0x000000070fa00000| Untracked 
| 112|0x000000070fc00000, 0x000000070fc00000, 0x000000070fe00000|  0%| F|  |TAMS 0x000000070fc00000, 0x000000070fc00000| Untracked 
| 113|0x000000070fe00000, 0x000000070fe00000, 0x0000000710000000|  0%| F|  |TAMS 0x000000070fe00000, 0x000000070fe00000| Untracked 
| 114|0x0000000710000000, 0x0000000710000000, 0x0000000710200000|  0%| F|  |TAMS 0x0000000710000000, 0x0000000710000000| Untracked 
| 115|0x0000000710200000, 0x0000000710200000, 0x0000000710400000|  0%| F|  |TAMS 0x0000000710200000, 0x0000000710200000| Untracked 
| 116|0x0000000710400000, 0x0000000710400000, 0x0000000710600000|  0%| F|  |TAMS 0x0000000710400000, 0x0000000710400000| Untracked 
| 117|0x0000000710600000, 0x0000000710600000, 0x0000000710800000|  0%| F|  |TAMS 0x0000000710600000, 0x0000000710600000| Untracked 
| 118|0x0000000710800000, 0x0000000710871250, 0x0000000710a00000| 22%| E|  |TAMS 0x0000000710800000, 0x0000000710800000| Complete 
| 119|0x0000000710a00000, 0x0000000710c00000, 0x0000000710c00000|100%| E|CS|TAMS 0x0000000710a00000, 0x0000000710a00000| Complete 
| 120|0x0000000710c00000, 0x0000000710e00000, 0x0000000710e00000|100%| E|CS|TAMS 0x0000000710c00000, 0x0000000710c00000| Complete 
| 121|0x0000000710e00000, 0x0000000711000000, 0x0000000711000000|100%| E|CS|TAMS 0x0000000710e00000, 0x0000000710e00000| Complete 
| 122|0x0000000711000000, 0x0000000711200000, 0x0000000711200000|100%| E|CS|TAMS 0x0000000711000000, 0x0000000711000000| Complete 
| 123|0x0000000711200000, 0x0000000711400000, 0x0000000711400000|100%| E|CS|TAMS 0x0000000711200000, 0x0000000711200000| Complete 
| 124|0x0000000711400000, 0x0000000711600000, 0x0000000711600000|100%| E|CS|TAMS 0x0000000711400000, 0x0000000711400000| Complete 
| 125|0x0000000711600000, 0x0000000711800000, 0x0000000711800000|100%| E|  |TAMS 0x0000000711600000, 0x0000000711600000| Complete 
| 126|0x0000000711800000, 0x0000000711a00000, 0x0000000711a00000|100%| E|CS|TAMS 0x0000000711800000, 0x0000000711800000| Complete 
| 127|0x0000000711a00000, 0x0000000711c00000, 0x0000000711c00000|100%| E|CS|TAMS 0x0000000711a00000, 0x0000000711a00000| Complete 

Card table byte_map: [0x0000029548a90000,0x0000029549290000] _byte_map_base: 0x0000029545282000

Marking Bits (Prev, Next): (CMBitMap*) 0x000002953183e050, (CMBitMap*) 0x000002953183e090
 Prev Bits: [0x0000029549a90000, 0x000002954da20000)
 Next Bits: [0x000002954da20000, 0x00000295519b0000)

Polling page: 0x000002952f790000

Metaspace:

Usage:
  Non-class:      4.93 MB used.
      Class:    662.55 KB used.
       Both:      5.58 MB used.

Virtual space:
  Non-class space:        8.00 MB reserved,       5.06 MB ( 63%) committed,  1 nodes.
      Class space:        1.00 GB reserved,     704.00 KB ( <1%) committed,  1 nodes.
              Both:        1.01 GB reserved,       5.75 MB ( <1%) committed. 

Chunk freelists:
   Non-Class:  2.98 MB
       Class:  3.13 MB
        Both:  6.11 MB

MaxMetaspaceSize: 17179869184.00 GB
CompressedClassSpaceSize: 1.00 GB
 - commit_granule_bytes: 65536.
 - commit_granule_words: 8192.
 - virtual_space_node_default_size: 1048576.
 - enlarge_chunks_in_place: 1.
 - new_chunks_are_fully_committed: 0.
 - uncommit_free_chunks: 1.
 - use_allocation_guard: 0.
 - handle_deallocations: 1.


Internal statistics:

num_allocs_failed_limit: 0.
num_arena_births: 106.
num_arena_deaths: 0.
num_vsnodes_births: 2.
num_vsnodes_deaths: 0.
num_space_committed: 92.
num_space_uncommitted: 0.
num_chunks_returned_to_freelist: 0.
num_chunks_taken_from_freelist: 172.
num_chunk_merges: 0.
num_chunk_splits: 113.
num_chunks_enlarged: 76.
num_purges: 0.

CodeHeap 'non-profiled nmethods': size=238336Kb used=1371Kb max_used=1371Kb free=236964Kb
 bounds [0x00000295396a0000, 0x0000029539910000, 0x0000029547f60000]
CodeHeap 'non-nmethods': size=7424Kb used=1177Kb max_used=1177Kb free=6246Kb
 bounds [0x0000029538f60000, 0x00000295391d0000, 0x00000295396a0000]
 total_blobs=1475 nmethods=1002 adapters=401
 compilation: enabled
              stopped_count=0, restarted_count=0
 full_count=0

Compilation events (20 events):
Event: 0.747 Thread 0x000002955441b590 nmethod 987 0x00000295397f1e90 code [0x00000295397f20c0, 0x00000295397f27b8]
Event: 0.747 Thread 0x000002955441b590  989       1       jdk.internal.loader.BuiltinClassLoader::loadClassOrNull (7 bytes)
Event: 0.747 Thread 0x000002955441b590 nmethod 989 0x00000295397f2b10 code [0x00000295397f2cc0, 0x00000295397f2da8]
Event: 0.747 Thread 0x000002955441b590  988       1       java.util.ArrayDeque::poll (5 bytes)
Event: 0.747 Thread 0x000002955441b590 nmethod 988 0x00000295397f2e10 code [0x00000295397f2fa0, 0x00000295397f3088]
Event: 0.747 Thread 0x000002955441b590  990       1       java.lang.NamedPackage::module (5 bytes)
Event: 0.747 Thread 0x000002955441b590 nmethod 990 0x00000295397f3110 code [0x00000295397f32a0, 0x00000295397f3378]
Event: 0.748 Thread 0x000002955441b590  991       1       java.util.jar.Attributes::getValue (9 bytes)
Event: 0.748 Thread 0x000002955441b590 nmethod 991 0x00000295397f3410 code [0x00000295397f35c0, 0x00000295397f36e8]
Event: 0.748 Thread 0x000002955441b590  992       1       java.util.jar.Attributes::get (11 bytes)
Event: 0.748 Thread 0x000002955441b590 nmethod 992 0x00000295397f3790 code [0x00000295397f3940, 0x00000295397f3a28]
Event: 0.749 Thread 0x000002955441b590  993       1       java.lang.ClassLoader::getClassLoadingLock (35 bytes)
Event: 0.749 Thread 0x000002955441b590 nmethod 993 0x00000295397f3f90 code [0x00000295397f4140, 0x00000295397f42c8]
Event: 0.749 Thread 0x000002955441b590  994       1       java.lang.ClassLoader::findLoadedClass (16 bytes)
Event: 0.749 Thread 0x000002955441b590 nmethod 994 0x00000295397f4390 code [0x00000295397f4540, 0x00000295397f4698]
Event: 0.749 Thread 0x000002955441b590  996       1       jdk.internal.loader.BuiltinClassLoader::findLoadedModule (33 bytes)
Event: 0.750 Thread 0x000002955441b590 nmethod 996 0x00000295397f4790 code [0x00000295397f4960, 0x00000295397f4b98]
Event: 0.750 Thread 0x000002955441b590  997   !   1       jdk.internal.loader.BuiltinClassLoader::loadClassOrNull (143 bytes)
Event: 0.751 Thread 0x000002955441b590 nmethod 997 0x00000295397f4d10 code [0x00000295397f4fa0, 0x00000295397f5798]
Event: 0.751 Thread 0x000002955441b590  998       1       java.net.URLStreamHandler::parseURL (1201 bytes)

GC Heap History (0 events):
No events

Deoptimization events (0 events):
No events

Classes unloaded (0 events):
No events

Classes redefined (0 events):
No events

Internal exceptions (16 events):
Event: 0.330 Thread 0x00000295317ec660 Exception <a 'java/lang/NoSuchMethodError'{0x00000007115b5478}: 'void java.lang.invoke.DirectMethodHandle$Holder.invokeSpecial(java.lang.Object, java.lang.Object, java.lang.Object)'> (0x00000007115b5478) 
thrown [t:\workspace\open\src\hotspot\share\interpreter\linkResolver.cpp, line 790]
Event: 0.331 Thread 0x00000295553fd1a0 Exception <a 'java/lang/NoSuchMethodError'{0x0000000711208db8}: 'java.lang.Object java.lang.invoke.DirectMethodHandle$Holder.invokeStatic(java.lang.Object)'> (0x0000000711208db8) 
thrown [t:\workspace\open\src\hotspot\share\interpreter\linkResolver.cpp, line 790]
Event: 0.332 Thread 0x00000295553fd1a0 Exception <a 'java/lang/NoSuchMethodError'{0x000000071120c508}: 'java.lang.Object java.lang.invoke.DirectMethodHandle$Holder.invokeStaticInit(java.lang.Object)'> (0x000000071120c508) 
thrown [t:\workspace\open\src\hotspot\share\interpreter\linkResolver.cpp, line 790]
Event: 0.341 Thread 0x00000295553fd1a0 Exception <a 'java/lang/NoSuchMethodError'{0x00000007112199b0}: 'void java.lang.invoke.DirectMethodHandle$Holder.invokeStatic(java.lang.Object, java.lang.Object)'> (0x00000007112199b0) 
thrown [t:\workspace\open\src\hotspot\share\interpreter\linkResolver.cpp, line 790]
Event: 0.372 Thread 0x00000295317ec660 Exception <a 'java/lang/NoSuchMethodError'{0x00000007115fba18}: 'java.lang.Object java.lang.invoke.DirectMethodHandle$Holder.invokeInterface(java.lang.Object, java.lang.Object)'> (0x00000007115fba18) 
thrown [t:\workspace\open\src\hotspot\share\interpreter\linkResolver.cpp, line 790]
Event: 0.374 Thread 0x00000295317ec660 Exception <a 'java/lang/NoSuchMethodError'{0x00000007112753c0}: 'java.lang.Object java.lang.invoke.DirectMethodHandle$Holder.invokeStaticInit(java.lang.Object, java.lang.Object, java.lang.Object)'> (0x00000007112753c0) 
thrown [t:\workspace\open\src\hotspot\share\interpreter\linkResolver.cpp, line 790]
Event: 0.379 Thread 0x00000295317ec660 Exception <a 'java/lang/NoSuchMethodError'{0x0000000711292738}: 'int java.lang.invoke.DirectMethodHandle$Holder.invokeInterface(java.lang.Object, java.lang.Object)'> (0x0000000711292738) 
thrown [t:\workspace\open\src\hotspot\share\interpreter\linkResolver.cpp, line 790]
Event: 0.379 Thread 0x00000295317ec660 Exception <a 'java/lang/IncompatibleClassChangeError'{0x0000000711295f30}: Found class java.lang.Object, but interface was expected> (0x0000000711295f30) 
thrown [t:\workspace\open\src\hotspot\share\interpreter\linkResolver.cpp, line 857]
Event: 0.430 Thread 0x00000295317ec660 Exception <a 'java/lang/NoSuchMethodError'{0x0000000711363248}: 'int java.lang.invoke.DirectMethodHandle$Holder.invokeSpecial(java.lang.Object, java.lang.Object, java.lang.Object)'> (0x0000000711363248) 
thrown [t:\workspace\open\src\hotspot\share\interpreter\linkResolver.cpp, line 790]
Event: 0.469 Thread 0x00000295317ec660 Exception <a 'java/lang/NoSuchMethodError'{0x0000000711029a70}: 'void java.lang.invoke.DirectMethodHandle$Holder.invokeStatic(java.lang.Object, java.lang.Object, java.lang.Object)'> (0x0000000711029a70) 
thrown [t:\workspace\open\src\hotspot\share\interpreter\linkResolver.cpp, line 790]
Event: 0.483 Thread 0x00000295317ec660 Exception <a 'java/lang/NoSuchMethodError'{0x000000071106e660}: 'int java.lang.invoke.DirectMethodHandle$Holder.invokeSpecialIFC(java.lang.Object, java.lang.Object, java.lang.Object)'> (0x000000071106e660) 
thrown [t:\workspace\open\src\hotspot\share\interpreter\linkResolver.cpp, line 790]
Event: 0.516 Thread 0x00000295317ec660 Exception <a 'java/lang/NoSuchMethodError'{0x00000007110e5530}: 'java.lang.Object java.lang.invoke.DirectMethodHandle$Holder.invokeStaticInit(java.lang.Object, int, int, int, int)'> (0x00000007110e5530) 
thrown [t:\workspace\open\src\hotspot\share\interpreter\linkResolver.cpp, line 790]
Event: 0.577 Thread 0x00000295317ec660 Exception <a 'java/lang/NoSuchMethodError'{0x000000071113d3f8}: 'java.lang.Object java.lang.invoke.DirectMethodHandle$Holder.invokeStaticInit(java.lang.Object, java.lang.Object, int, int, int, int)'> (0x000000071113d3f8) 
thrown [t:\workspace\open\src\hotspot\share\interpreter\linkResolver.cpp, line 790]
Event: 0.596 Thread 0x00000295317ec660 Exception <a 'java/lang/ClassNotFoundException'{0x000000071115c4d0}: javax/management/remote/rmi/RMIServerImpl_Skel> (0x000000071115c4d0) 
thrown [t:\workspace\open\src\hotspot\share\classfile\systemDictionary.cpp, line 256]
Event: 0.654 Thread 0x00000295317ec660 Exception <a 'java/lang/ClassNotFoundException'{0x0000000710f357c8}: javax/smartcardio/CardPermission> (0x0000000710f357c8) 
thrown [t:\workspace\open\src\hotspot\share\classfile\systemDictionary.cpp, line 256]
Event: 0.657 Thread 0x00000295317ec660 Exception <a 'java/io/FileNotFoundException'{0x0000000710f43ba8}> (0x0000000710f43ba8) 
thrown [t:\workspace\open\src\hotspot\share\prims\jni.cpp, line 579]

Events (20 events):
Event: 0.696 loading class java/util/zip/CRC32 done
Event: 0.696 loading class sun/util/calendar/ZoneInfoFile$Checksum done
Event: 0.696 loading class java/util/zip/Checksum$1
Event: 0.696 loading class java/util/zip/Checksum$1 done
Event: 0.698 loading class jdk/internal/module/ModulePatcher$PatchedModuleReader
Event: 0.698 loading class jdk/internal/module/ModulePatcher$PatchedModuleReader done
Event: 0.731 loading class sun/text/resources/cldr/FormatData_en
Event: 0.731 loading class sun/text/resources/cldr/FormatData_en done
Event: 0.731 loading class sun/text/resources/cldr/FormatData_en_US
Event: 0.731 loading class sun/text/resources/cldr/FormatData_en_US done
Event: 0.758 loading class java/util/IdentityHashMap$EntrySet
Event: 0.758 loading class java/util/IdentityHashMap$EntrySet done
Event: 0.758 loading class java/util/IdentityHashMap$EntryIterator
Event: 0.758 loading class java/util/IdentityHashMap$EntryIterator done
Event: 0.758 loading class java/util/IdentityHashMap$EntryIterator$Entry
Event: 0.758 loading class java/util/IdentityHashMap$EntryIterator$Entry done
Event: 0.758 loading class java/util/IdentityHashMap$ValueIterator
Event: 0.758 loading class java/util/IdentityHashMap$ValueIterator done
Event: 0.759 loading class java/lang/IllegalAccessError
Event: 0.759 loading class java/lang/IllegalAccessError done


Dynamic libraries:
0x00007ff7bb1e0000 - 0x00007ff7bb1f0000 	C:\Program Files\Java\jdk-16.0.1\bin\java.exe
0x00007ffa80350000 - 0x00007ffa80545000 	C:\WINDOWS\SYSTEM32\ntdll.dll
0x00007ffa7e880000 - 0x00007ffa7e93d000 	C:\WINDOWS\System32\KERNEL32.DLL
0x00007ffa7e0f0000 - 0x00007ffa7e3b8000 	C:\WINDOWS\System32\KERNELBASE.dll
0x00007ffa7dda0000 - 0x00007ffa7dea0000 	C:\WINDOWS\System32\ucrtbase.dll
0x00007ffa6c440000 - 0x00007ffa6c458000 	C:\Program Files\Java\jdk-16.0.1\bin\jli.dll
0x00007ffa6aae0000 - 0x00007ffa6aaf9000 	C:\Program Files\Java\jdk-16.0.1\bin\VCRUNTIME140.dll
0x00007ffa7ffb0000 - 0x00007ffa8005c000 	C:\WINDOWS\System32\ADVAPI32.dll
0x00007ffa7e950000 - 0x00007ffa7e9ee000 	C:\WINDOWS\System32\msvcrt.dll
0x00007ffa7f330000 - 0x00007ffa7f3cb000 	C:\WINDOWS\System32\sechost.dll
0x00007ffa7ead0000 - 0x00007ffa7ebfb000 	C:\WINDOWS\System32\RPCRT4.dll
0x00007ffa7fda0000 - 0x00007ffa7ff40000 	C:\WINDOWS\System32\USER32.dll
0x00007ffa7da90000 - 0x00007ffa7dab2000 	C:\WINDOWS\System32\win32u.dll
0x00007ffa5d720000 - 0x00007ffa5d9ba000 	C:\WINDOWS\WinSxS\amd64_microsoft.windows.common-controls_6595b64144ccf1df_6.0.19041.1052_none_60b8f8fd71f5e8cb\COMCTL32.dll
0x00007ffa7f3d0000 - 0x00007ffa7f3fa000 	C:\WINDOWS\System32\GDI32.dll
0x00007ffa7dea0000 - 0x00007ffa7dfab000 	C:\WINDOWS\System32\gdi32full.dll
0x00007ffa7dc20000 - 0x00007ffa7dcbd000 	C:\WINDOWS\System32\msvcp_win.dll
0x00007ffa6e6a0000 - 0x00007ffa6e6aa000 	C:\WINDOWS\SYSTEM32\VERSION.dll
0x00007ffa7ee90000 - 0x00007ffa7eec0000 	C:\WINDOWS\System32\IMM32.DLL
0x00007ffa7ae30000 - 0x00007ffa7ae3c000 	C:\Program Files\Java\jdk-16.0.1\bin\vcruntime140_1.dll
0x00007ffa51cc0000 - 0x00007ffa51d51000 	C:\Program Files\Java\jdk-16.0.1\bin\msvcp140.dll
0x00007ffa33470000 - 0x00007ffa3401b000 	C:\Program Files\Java\jdk-16.0.1\bin\server\jvm.dll
0x00007ffa7ffa0000 - 0x00007ffa7ffa8000 	C:\WINDOWS\System32\PSAPI.DLL
0x00007ffa6b6d0000 - 0x00007ffa6b6d9000 	C:\WINDOWS\SYSTEM32\WSOCK32.dll
0x00007ffa6c5c0000 - 0x00007ffa6c5e7000 	C:\WINDOWS\SYSTEM32\WINMM.dll
0x00007ffa80220000 - 0x00007ffa8028b000 	C:\WINDOWS\System32\WS2_32.dll
0x00007ffa7c360000 - 0x00007ffa7c372000 	C:\WINDOWS\SYSTEM32\kernel.appcore.dll
0x00007ffa76b40000 - 0x00007ffa76b4a000 	C:\Program Files\Java\jdk-16.0.1\bin\jimage.dll
0x00007ffa7c060000 - 0x00007ffa7c244000 	C:\WINDOWS\SYSTEM32\DBGHELP.DLL
0x00007ffa6e6d0000 - 0x00007ffa6e6fc000 	C:\WINDOWS\SYSTEM32\dbgcore.DLL
0x00007ffa7dfb0000 - 0x00007ffa7e033000 	C:\WINDOWS\System32\bcryptPrimitives.dll
0x00007ffa6d1e0000 - 0x00007ffa6d1ee000 	C:\Program Files\Java\jdk-16.0.1\bin\instrument.dll
0x00007ffa51c90000 - 0x00007ffa51cb5000 	C:\Program Files\Java\jdk-16.0.1\bin\java.dll
0x00007ffa7f530000 - 0x00007ffa7fc6f000 	C:\WINDOWS\System32\SHELL32.dll
0x00007ffa7b8d0000 - 0x00007ffa7c060000 	C:\WINDOWS\SYSTEM32\windows.storage.dll
0x00007ffa7e3c0000 - 0x00007ffa7e715000 	C:\WINDOWS\System32\combase.dll
0x00007ffa7d490000 - 0x00007ffa7d4bc000 	C:\WINDOWS\SYSTEM32\Wldp.dll
0x00007ffa7f400000 - 0x00007ffa7f4ae000 	C:\WINDOWS\System32\SHCORE.dll
0x00007ffa7ed10000 - 0x00007ffa7ed65000 	C:\WINDOWS\System32\shlwapi.dll
0x00007ffa7d9d0000 - 0x00007ffa7d9ef000 	C:\WINDOWS\SYSTEM32\profapi.dll
0x00007ffa51c50000 - 0x00007ffa51c68000 	C:\Program Files\Java\jdk-16.0.1\bin\zip.dll
0x00007ffa6aac0000 - 0x00007ffa6aad9000 	C:\Program Files\Java\jdk-16.0.1\bin\net.dll
0x00007ffa786d0000 - 0x00007ffa787db000 	C:\WINDOWS\SYSTEM32\WINHTTP.dll
0x00007ffa7d200000 - 0x00007ffa7d26a000 	C:\WINDOWS\system32\mswsock.dll
0x00007ffa51c70000 - 0x00007ffa51c83000 	C:\Program Files\Java\jdk-16.0.1\bin\nio.dll
0x00007ffa50fe0000 - 0x00007ffa50ffa000 	C:\Program Files\JetBrains\IntelliJ IDEA 2021.1.2\bin\breakgen64.dll
0x00007ffa7cf30000 - 0x00007ffa7cffc000 	C:\WINDOWS\SYSTEM32\DNSAPI.dll
0x00007ffa7cef0000 - 0x00007ffa7cf2b000 	C:\WINDOWS\SYSTEM32\IPHLPAPI.DLL
0x00007ffa80210000 - 0x00007ffa80218000 	C:\WINDOWS\System32\NSI.dll
0x00007ffa751a0000 - 0x00007ffa751aa000 	C:\Windows\System32\rasadhlp.dll
0x00007ffa6f0b0000 - 0x00007ffa6f12f000 	C:\WINDOWS\System32\fwpuclnt.dll
0x00007ffa7dd70000 - 0x00007ffa7dd97000 	C:\WINDOWS\System32\bcrypt.dll
0x00007ffa6a000000 - 0x00007ffa6a009000 	C:\Program Files\Java\jdk-16.0.1\bin\management.dll
0x00007ffa69d90000 - 0x00007ffa69d9b000 	C:\Program Files\Java\jdk-16.0.1\bin\management_ext.dll
0x00007ffa7d3d0000 - 0x00007ffa7d3e8000 	C:\WINDOWS\SYSTEM32\CRYPTSP.dll
0x00007ffa7cb40000 - 0x00007ffa7cb74000 	C:\WINDOWS\system32\rsaenh.dll
0x00007ffa7d990000 - 0x00007ffa7d9be000 	C:\WINDOWS\SYSTEM32\USERENV.dll
0x00007ffa7d3f0000 - 0x00007ffa7d3fc000 	C:\WINDOWS\SYSTEM32\CRYPTBASE.dll
0x00007ffa72c90000 - 0x00007ffa72ca7000 	C:\WINDOWS\SYSTEM32\dhcpcsvc6.DLL
0x00007ffa749a0000 - 0x00007ffa749bd000 	C:\WINDOWS\SYSTEM32\dhcpcsvc.DLL
0x00007ffa55830000 - 0x00007ffa55847000 	C:\WINDOWS\system32\napinsp.dll
0x00007ffa55300000 - 0x00007ffa5531b000 	C:\WINDOWS\system32\pnrpnsp.dll
0x00007ffa78910000 - 0x00007ffa78925000 	C:\WINDOWS\system32\wshbth.dll
0x00007ffa787f0000 - 0x00007ffa7880d000 	C:\WINDOWS\system32\NLAapi.dll
0x00007ffa552e0000 - 0x00007ffa552f2000 	C:\WINDOWS\System32\winrnr.dll

dbghelp: loaded successfully - version: 4.0.5 - missing functions: none
symbol engine: initialized successfully - sym options: 0x614 - pdb path: .;C:\Program Files\Java\jdk-16.0.1\bin;C:\WINDOWS\SYSTEM32;C:\WINDOWS\WinSxS\amd64_microsoft.windows.common-controls_6595b64144ccf1df_6.0.19041.1052_none_60b8f8fd71f5e8cb;C:\Program Files\Java\jdk-16.0.1\bin\server;C:\Program Files\JetBrains\IntelliJ IDEA 2021.1.2\bin

VM Arguments:
jvm_args: -XX:TieredStopAtLevel=1 -Xverify:none -Dspring.output.ansi.enabled=always -javaagent:C:\Program Files\JetBrains\IntelliJ IDEA 2021.1.2\lib\idea_rt.jar=61432:C:\Program Files\JetBrains\IntelliJ IDEA 2021.1.2\bin -Dcom.sun.management.jmxremote -Dspring.jmx.enabled=true -Dspring.liveBeansView.mbeanDomain -Dspring.application.admin.enabled=true -Dfile.encoding=UTF-8 
java_command: com.example.demospringncc.DemoSpringNccApplication
java_class_path (initial): D:\NCC\demo1\target\classes;C:\Users\Admin\.m2\repository\org\springframework\boot\spring-boot-starter-data-jpa\2.5.2\spring-boot-starter-data-jpa-2.5.2.jar;C:\Users\Admin\.m2\repository\org\springframework\boot\spring-boot-starter-aop\2.5.2\spring-boot-starter-aop-2.5.2.jar;C:\Users\Admin\.m2\repository\org\aspectj\aspectjweaver\1.9.6\aspectjweaver-1.9.6.jar;C:\Users\Admin\.m2\repository\org\springframework\boot\spring-boot-starter-jdbc\2.5.2\spring-boot-starter-jdbc-2.5.2.jar;C:\Users\Admin\.m2\repository\com\zaxxer\HikariCP\4.0.3\HikariCP-4.0.3.jar;C:\Users\Admin\.m2\repository\org\springframework\spring-jdbc\5.3.8\spring-jdbc-5.3.8.jar;C:\Users\Admin\.m2\repository\jakarta\transaction\jakarta.transaction-api\1.3.3\jakarta.transaction-api-1.3.3.jar;C:\Users\Admin\.m2\repository\jakarta\persistence\jakarta.persistence-api\2.2.3\jakarta.persistence-api-2.2.3.jar;C:\Users\Admin\.m2\repository\org\hibernate\hibernate-core\5.4.32.Final\hibernate-core-5.4.32.Final.jar;C:\Users\Admin\.m2\repository\org\jboss\logging\jboss-logging\3.4.2.Final\jboss-logging-3.4.2.Final.jar;C:\Users\Admin\.m2\repository\org\javassist\javassist\3.27.0-GA\javassist-3.27.0-GA.jar;C:\Users\Admin\.m2\repository\net\bytebuddy\byte-buddy\1.10.22\byte-buddy-1.10.22.jar;C:\Users\Admin\.m2\repository\antlr\antlr\2.7.7\antlr-2.7.7.jar;C:\Users\Admin\.m2\repository\org\jboss\jandex\2.2.3.Final\jandex-2.2.3.Final.jar;C:\Users\Admin\.m2\repository\com\fasterxml\classmate\1.5.1\classmate-1.5.1.jar;C:\Users\Admin\.m2\repository\org\dom4j\dom4j\2.1.3\dom4j-2.1.3.jar;C:\Users\Admin\.m2\repository\org\hibernate\common\hibernate-commons-annotations\5.1.2.Final\hibernate-commons-annotations-5.1.2.Final.jar;C:\Users\Admin\.m2\repository\org\glassfish\jaxb\jaxb-runtime\2.3.4\jaxb-runtime-2.3.4.jar;C:\Users\Admin\.m2\repository\org\glassfish\jaxb\txw2\2.3.4\txw2-2.3.4.jar;C:\Users\Admin\.m2\repository\com\sun\istack\istack-commons-runtime\3.0.12\istack-commons-runtime-3.0.12.jar;C:\Us
Launcher Type: SUN_STANDARD

[Global flags]
     intx CICompilerCount                          = 4                                         {product} {ergonomic}
     uint ConcGCThreads                            = 2                                         {product} {ergonomic}
     uint G1ConcRefinementThreads                  = 8                                         {product} {ergonomic}
   size_t G1HeapRegionSize                         = 2097152                                   {product} {ergonomic}
    uintx GCDrainStackTargetSize                   = 64                                        {product} {ergonomic}
   size_t InitialHeapSize                          = 268435456                                 {product} {ergonomic}
     bool ManagementServer                         = true                                      {product} {command line}
   size_t MarkStackSize                            = 4194304                                   {product} {ergonomic}
   size_t MaxHeapSize                              = 4265607168                                {product} {ergonomic}
   size_t MaxNewSize                               = 2558525440                                {product} {ergonomic}
   size_t MinHeapDeltaBytes                        = 2097152                                   {product} {ergonomic}
   size_t MinHeapSize                              = 8388608                                   {product} {ergonomic}
    uintx NonNMethodCodeHeapSize                   = 7549744                                {pd product} {ergonomic}
    uintx NonProfiledCodeHeapSize                  = 244108496                              {pd product} {ergonomic}
    uintx ProfiledCodeHeapSize                     = 0                                      {pd product} {ergonomic}
    uintx ReservedCodeCacheSize                    = 251658240                              {pd product} {ergonomic}
     bool SegmentedCodeCache                       = true                                      {product} {ergonomic}
   size_t SoftMaxHeapSize                          = 4265607168                             {manageable} {ergonomic}
     intx TieredStopAtLevel                        = 1                                         {product} {command line}
     bool UseCompressedClassPointers               = true                           {product lp64_product} {ergonomic}
     bool UseCompressedOops                        = true                           {product lp64_product} {ergonomic}
     bool UseG1GC                                  = true                                      {product} {ergonomic}
     bool UseLargePagesIndividualAllocation        = false                                  {pd product} {ergonomic}

Logging:
Log output configuration:
 #0: stdout all=warning uptime,level,tags
 #1: stderr all=off uptime,level,tags

Environment Variables:
JAVA_HOME=C:\Program Files\Java\jdk-16.0.1
PATH=C:\Program Files (x86)\Common Files\Oracle\Java\javapath;C:\WINDOWS\system32;C:\WINDOWS;C:\WINDOWS\System32\Wbem;C:\WINDOWS\System32\WindowsPowerShell\v1.0\;C:\WINDOWS\System32\OpenSSH\;C:\Program Files\Microsoft SQL Server\Client SDK\ODBC\110\Tools\Binn\;C:\Program Files (x86)\Microsoft SQL Server\120\Tools\Binn\;C:\Program Files\Microsoft SQL Server\120\Tools\Binn\;C:\Program Files\Microsoft SQL Server\120\DTS\Binn\;C:\Program Files (x86)\Microsoft SQL Server\120\Tools\Binn\ManagementStudio\;C:\Program Files (x86)\Microsoft SQL Server\120\DTS\Binn\;C:\Program Files\Git\cmd;C:\Users\Admin\AppData\Roaming\Microsoft\Windows\Start Menu\Programs\Python 3.9;C:\Users\Admin\AppData\Roaming\Microsoft\Windows\Start Menu\Programs\Python 3.9;C:\Users\Admin\AppData\Roaming\Microsoft\Windows\Start Menu\Programs\Python 3.9;C:\Users\Admin\AppData\Local\Programs\Python\Python39\Scripts\;C:\Users\Admin\AppData\Local\Programs\Python\Python39\;C:\Program Files\MySQL\MySQL Shell 8.0\bin\;D:\Xu li anh\bin;C:\Users\Admin\AppData\Local\GitHubDesktop\bin;C:\Users\Admin\AppData\Local\Microsoft\WindowsApps;;C:\Program Files\JetBrains\PyCharm Community Edition 2021.1.2\bin;
USERNAME=H?ng Son
OS=Windows_NT
PROCESSOR_IDENTIFIER=Intel64 Family 6 Model 142 Stepping 10, GenuineIntel



---------------  S Y S T E M  ---------------

OS:
 Windows 10 , 64 bit Build 19041 (10.0.19041.1023)
OS uptime: 7 days 5:32 hours

CPU: total 8 (initial active 8) (4 cores per cpu, 2 threads per core) family 6 model 142 stepping 10 microcode 0xb4, cx8, cmov, fxsr, ht, mmx, 3dnowpref, sse, sse2, sse3, ssse3, sse4.1, sse4.2, popcnt, lzcnt, tsc, tscinvbit, avx, avx2, aes, erms, clmul, bmi1, bmi2, adx, fma, vzeroupper, clflush, clflushopt

Memory: 4k page, system-wide physical 16267M (5960M free)
TotalPageFile size 22932M (AvailPageFile size 3M)
current process WorkingSet (physical memory assigned to process): 64M, peak: 64M
current process commit charge ("private bytes"): 354M, peak: 354M

vm_info: Java HotSpot(TM) 64-Bit Server VM (16.0.1+9-24) for windows-amd64 JRE (16.0.1+9-24), built on Mar 26 2021 19:31:42 by "mach5one" with MS VC++ 16.7 (VS2019)

END.
